<?xml version="1.0" encoding="UTF-8"?>
<testsuite xmlns:xsi="http://www.w3.org/2001/XMLSchema-instance" xsi:schemaLocation="https://maven.apache.org/surefire/maven-surefire-plugin/xsd/surefire-test-report.xsd" name="pl.polsl.TestModel.TestModel" time="0.269" tests="17" errors="0" skipped="0" failures="0">
  <properties>
[...]
</properties>
  <testcase name="TestOfExceptionwithParameters{String}[1]" classname="pl.polsl.TestModel.TestModel" time="0.073"/>
  <testcase name="TestOfExceptionwithParameters{String}[2]" classname="pl.polsl.TestModel.TestModel" time="0.008"/>
  <testcase name="TestOfExceptionwithParameters{String}[3]" classname="pl.polsl.TestModel.TestModel" time="0.007"/>
  <testcase name="TestShowNameAndUniverse{String, String, int}[1]" classname="pl.polsl.TestModel.TestModel" time="0.006"/>
  <testcase name="TestShowNameAndUniverse{String, String, int}[2]" classname="pl.polsl.TestModel.TestModel" time="0.007"/>
  <testcase name="TestSearch{String}[1]" classname="pl.polsl.TestModel.TestModel" time="0.008"/>
  <testcase name="TestSearch{String}[2]" classname="pl.polsl.TestModel.TestModel" time="0.005"/>
  <testcase name="TestSearch{String}[3]" classname="pl.polsl.TestModel.TestModel" time="0.004"/>
  <testcase name="TestSearch{String, int}[1]" classname="pl.polsl.TestModel.TestModel" time="0.008"/>
  <testcase name="TestSearch{String, int}[2]" classname="pl.polsl.TestModel.TestModel" time="0.004"/>
  <testcase name="testTheMostSh{int}[1]" classname="pl.polsl.TestModel.TestModel" time="0.003"/>
  <testcase name="TestReadData{String, String, int}[1]" classname="pl.polsl.TestModel.TestModel" time="0.003"/>
  <testcase name="TestReadData{String, String, int}[2]" classname="pl.polsl.TestModel.TestModel" time="0.002"/>
  <testcase name="TestReadDataSize{int}[1]" classname="pl.polsl.TestModel.TestModel" time="0.003"/>
  <testcase name="TestIfValuePowersNullx{String}[1]" classname="pl.polsl.TestModel.TestModel" time="0.003"/>
  <testcase name="TestSortBySuperpowersNumber{int, int}[1]" classname="pl.polsl.TestModel.TestModel" time="0.015"/>
  <testcase name="TestSortBySuperpowersNumber{int, int}[2]" classname="pl.polsl.TestModel.TestModel" time="0.004"/>
</testsuite>